{"level":"debug","time":1772472764629,"message":"Engine: Starting application initialization"}
{"level":"debug","time":1772472764629,"message":"Engine: Enabling console logging"}
[90m2026-03-03T02:32:44+09:00[0m [32mINF[0m [30;1m>[0m Koito dev |
[90m2026-03-03T02:32:44+09:00[0m DBG [30;1m>[0m Engine: Checking config directory: ./koito-data |
[90m2026-03-03T02:32:44+09:00[0m [32mINF[0m [30;1m>[0m Engine: Using config directory: ./koito-data |
[90m2026-03-03T02:32:44+09:00[0m DBG [30;1m>[0m Engine: Checking import directory: koito-data/import |
[90m2026-03-03T02:32:44+09:00[0m DBG [30;1m>[0m Engine: Initializing database connection |
2026/03/03 02:32:44 goose: no migrations to run. current version: 7
[90m2026-03-03T02:32:44+09:00[0m [32mINF[0m [30;1m>[0m Engine: Database connection established |
[90m2026-03-03T02:32:44+09:00[0m DBG [30;1m>[0m Engine: Initializing MusicBrainz client |
[90m2026-03-03T02:32:44+09:00[0m [32mINF[0m [30;1m>[0m Engine: MusicBrainz client initialized |
[90m2026-03-03T02:32:44+09:00[0m DBG [30;1m>[0m Engine: Initializing image sources |
[90m2026-03-03T02:32:44+09:00[0m [32mINF[0m [30;1m>[0m Engine: Image sources initialized |
[90m2026-03-03T02:32:44+09:00[0m DBG [30;1m>[0m Engine: Checking for default user |
[90m2026-03-03T02:32:44+09:00[0m DBG [30;1m>[0m Engine: Checking allowed hosts configuration |
[90m2026-03-03T02:32:44+09:00[0m [32mINF[0m [30;1m>[0m Engine: Allowing hosts: [localhost localhost:4110] |
[90m2026-03-03T02:32:44+09:00[0m [32mINF[0m [30;1m>[0m Engine: Using default CORS policy |
[90m2026-03-03T02:32:44+09:00[0m DBG [30;1m>[0m Engine: Setting up HTTP server |
[90m2026-03-03T02:32:44+09:00[0m DBG [30;1m>[0m Engine: Checking import configuration |
[90m2026-03-03T02:32:44+09:00[0m [32mINF[0m [30;1m>[0m Engine: Pruning orphaned images |
[90m2026-03-03T02:32:44+09:00[0m [32mINF[0m [30;1m>[0m Engine: Backfilling genres for existing data |
[90m2026-03-03T02:32:44+09:00[0m [32mINF[0m [30;1m>[0m Engine: Backfilling track durations |
[90m2026-03-03T02:32:44+09:00[0m [32mINF[0m [30;1m>[0m Engine: Initialization finished |
[90m2026-03-03T02:32:44+09:00[0m DBG [30;1m>[0m Checking for import files... |
[90m2026-03-03T02:32:44+09:00[0m [32mINF[0m [30;1m>[0m Engine: Listening on :4110 |
[90m2026-03-03T02:32:44+09:00[0m [32mINF[0m [30;1m>[0m BackfillTrackDurations: Starting track duration backfill |
[90m2026-03-03T02:32:44+09:00[0m [32mINF[0m [30;1m>[0m Failed to read from directory koito-data/image_cache/large; skipping for prune |
[90m2026-03-03T02:32:44+09:00[0m [32mINF[0m [30;1m>[0m BackfillAlbumGenres: Starting album genre backfill |
[90m2026-03-03T02:32:44+09:00[0m [32mINF[0m [30;1m>[0m Failed to read from directory koito-data/image_cache/medium; skipping for prune |
[90m2026-03-03T02:32:44+09:00[0m [32mINF[0m [30;1m>[0m Failed to read from directory koito-data/image_cache/small; skipping for prune |
[90m2026-03-03T02:32:44+09:00[0m [32mINF[0m [30;1m>[0m Failed to read from directory koito-data/image_cache/full; skipping for prune |
[90m2026-03-03T02:32:44+09:00[0m [32mINF[0m [30;1m>[0m Purged 0 images |
[90m2026-03-03T02:32:44+09:00[0m [32mINF[0m [30;1m>[0m BackfillTrackDurations: Completed. Updated 0 tracks with duration |
[90m2026-03-03T02:32:44+09:00[0m [32mINF[0m [30;1m>[0m BackfillAlbumGenres: Completed. Updated 0 albums with genres |
[90m2026-03-03T02:32:44+09:00[0m [32mINF[0m [30;1m>[0m BackfillArtistGenres: Starting artist genre backfill |
[90m2026-03-03T02:32:44+09:00[0m [32mINF[0m [30;1m>[0m BackfillArtistGenres: Completed. Updated 0 artists with genres |
[90m2026-03-03T02:32:54+09:00[0m DBG [30;1m>[0m GetTopAlbumsHandler: Received request to retrieve top albums | [36mquery.period=[0mday [36mrequest_id=[0mGuXKpcSh
[90m2026-03-03T02:32:54+09:00[0m DBG [30;1m>[0m OptsFromRequest: Parsing query parameters | [36mquery.period=[0mday [36mrequest_id=[0mGuXKpcSh
[90m2026-03-03T02:32:54+09:00[0m DBG [30;1m>[0m OptsFromRequest: Query parameter 'limit' not specified, using default 100 | [36mquery.period=[0mday [36mrequest_id=[0mGuXKpcSh
[90m2026-03-03T02:32:54+09:00[0m DBG [30;1m>[0m OptsFromRequest: Page parameter is less than 1, defaulting to 1 | [36mquery.period=[0mday [36mrequest_id=[0mGuXKpcSh
[90m2026-03-03T02:32:54+09:00[0m DBG [30;1m>[0m OptsFromRequest: Parsed options: limit=100, page=1, week=0, month=0, year=0, from=0, to=0, artist_id=0, album_id=0, track_id=0, period=day | [36mquery.period=[0mday [36mrequest_id=[0mGuXKpcSh
[90m2026-03-03T02:32:54+09:00[0m DBG [30;1m>[0m GetTopAlbumsHandler: Retrieving top albums with options: {Limit:100 Period:day Page:1 Week:0 Month:0 Year:0 From:0 To:0 ArtistID:0 AlbumID:0 TrackID:0} | [36mquery.period=[0mday [36mrequest_id=[0mGuXKpcSh
[90m2026-03-03T02:32:54+09:00[0m DBG [30;1m>[0m Fetching top 100 albums with period day on page 1 from range Mar 02, 2026 to Mar 03, 2026 | [36mquery.period=[0mday [36mrequest_id=[0mGuXKpcSh
[90m2026-03-03T02:32:54+09:00[0m DBG [30;1m>[0m Database responded with 0 items | [36mquery.period=[0mday [36mrequest_id=[0mGuXKpcSh
[90m2026-03-03T02:32:55+09:00[0m DBG [30;1m>[0m Database responded with 0 albums out of a total 0 | [36mquery.period=[0mday [36mrequest_id=[0mGuXKpcSh
[90m2026-03-03T02:32:55+09:00[0m DBG [30;1m>[0m GetTopAlbumsHandler: Successfully retrieved top albums | [36mquery.period=[0mday [36mrequest_id=[0mGuXKpcSh
[90m2026-03-03T02:32:55+09:00[0m [32mINF[0m [30;1m>[0m Received GET /apis/web/v1/top-albums - Responded with 200 in 11.61ms | [36mquery.period=[0mday [36mrequest_id=[0mGuXKpcSh [36mtype=[0maccess
[90m2026-03-03T02:39:42+09:00[0m DBG [30;1m>[0m GetTopAlbumsHandler: Received request to retrieve top albums | [36mquery.period=[0mday [36mrequest_id=[0mIHCDsrOb
[90m2026-03-03T02:39:42+09:00[0m DBG [30;1m>[0m OptsFromRequest: Parsing query parameters | [36mquery.period=[0mday [36mrequest_id=[0mIHCDsrOb
[90m2026-03-03T02:39:42+09:00[0m DBG [30;1m>[0m OptsFromRequest: Query parameter 'limit' not specified, using default 100 | [36mquery.period=[0mday [36mrequest_id=[0mIHCDsrOb
[90m2026-03-03T02:39:42+09:00[0m DBG [30;1m>[0m OptsFromRequest: Page parameter is less than 1, defaulting to 1 | [36mquery.period=[0mday [36mrequest_id=[0mIHCDsrOb
[90m2026-03-03T02:39:42+09:00[0m DBG [30;1m>[0m OptsFromRequest: Parsed options: limit=100, page=1, week=0, month=0, year=0, from=0, to=0, artist_id=0, album_id=0, track_id=0, period=day | [36mquery.period=[0mday [36mrequest_id=[0mIHCDsrOb
[90m2026-03-03T02:39:42+09:00[0m DBG [30;1m>[0m GetTopAlbumsHandler: Retrieving top albums with options: {Limit:100 Period:day Page:1 Week:0 Month:0 Year:0 From:0 To:0 ArtistID:0 AlbumID:0 TrackID:0} | [36mquery.period=[0mday [36mrequest_id=[0mIHCDsrOb
[90m2026-03-03T02:39:42+09:00[0m DBG [30;1m>[0m Fetching top 100 albums with period day on page 1 from range Mar 02, 2026 to Mar 03, 2026 | [36mquery.period=[0mday [36mrequest_id=[0mIHCDsrOb
[90m2026-03-03T02:39:42+09:00[0m DBG [30;1m>[0m Database responded with 1 items | [36mquery.period=[0mday [36mrequest_id=[0mIHCDsrOb
[90m2026-03-03T02:39:42+09:00[0m [31mERR[0m [30;1m>[0m Error unmarshalling artists for release group with id 1 | [36merror=[0m[31m[1m"unexpected end of JSON input"[0m[0m [36mquery.period=[0mday [36mrequest_id=[0mIHCDsrOb
[90m2026-03-03T02:39:42+09:00[0m [31mERR[0m [30;1m>[0m GetTopAlbumsHandler: Failed to retrieve top albums | [36merror=[0m[31m[1m"GetTopAlbumsPaginated: Unmarshal: unexpected end of JSON input"[0m[0m [36mquery.period=[0mday [36mrequest_id=[0mIHCDsrOb
[90m2026-03-03T02:39:42+09:00[0m [32mINF[0m [30;1m>[0m Received GET /apis/web/v1/top-albums - Responded with 500 in 3.53ms | [36mquery.period=[0mday [36mrequest_id=[0mIHCDsrOb [36mtype=[0maccess
[90m2026-03-03T02:55:41+09:00[0m DBG [30;1m>[0m Received GET /api/chart/top-albums - Responded with 200 in 2.68ms | [36mquery.period=[0mday [36mrequest_id=[0mBiLmgiMW [36mtype=[0maccess
[90m2026-03-03T02:55:47+09:00[0m DBG [30;1m>[0m Received GET /api/chart/top-albums - Responded with 200 in 0.10ms | [36mquery.period=[0mday [36mrequest_id=[0mxqgvzxQb [36mtype=[0maccess
[90m2026-03-03T03:16:11+09:00[0m DBG [30;1m>[0m Received GET /api/chart/top-albums - Responded with 200 in 0.45ms | [36mquery.period=[0mday [36mrequest_id=[0mCIJlC0As [36mtype=[0maccess
